<?xml version="1.0" encoding="UTF-8"?>
<testng-results skipped="0" failed="0" total="2" passed="2">
  <reporter-output>
  </reporter-output>
  <suite name="Default suite" duration-ms="95237" started-at="2016-06-09T19:33:52Z" finished-at="2016-06-09T19:35:28Z">
    <groups>
      <group name="ldg uc">
        <method signature="US1215QuickClose.LDGTrailerWithPROQuickClose(java.lang.String, java.lang.String, java.lang.String, java.lang.String, java.lang.String, java.lang.String, java.lang.String, java.lang.String, java.lang.String, java.lang.String, java.util.Date)[pri:1, instance:LdgScreen.US1215QuickClose@4f1b95f]" name="LDGTrailerWithPROQuickClose" class="LdgScreen.US1215QuickClose"/>
        <method signature="US1215QuickClose.NONLDGTrailerWithoutPROAddPRO(java.lang.String, java.lang.String, java.lang.String, java.lang.String, java.lang.String, java.lang.String, java.lang.String, java.lang.String, java.lang.String, java.lang.String, java.util.Date)[pri:2, instance:LdgScreen.US1215QuickClose@4f1b95f]" name="NONLDGTrailerWithoutPROAddPRO" class="LdgScreen.US1215QuickClose"/>
      </group> <!-- ldg uc -->
    </groups>
    <test name="Default test" duration-ms="95237" started-at="2016-06-09T19:33:52Z" finished-at="2016-06-09T19:35:28Z">
      <class name="LdgScreen.US1215QuickClose">
        <test-method status="PASS" signature="SetUp(java.lang.String)[pri:0, instance:LdgScreen.US1215QuickClose@4f1b95f]" name="SetUp" is-config="true" duration-ms="11755" started-at="2016-06-09T19:33:52Z" finished-at="2016-06-09T19:34:04Z">
          <params>
            <param index="0">
              <value>
                <![CDATA[chrome]]>
              </value>
            </param>
          </params>
          <reporter-output>
          </reporter-output>
        </test-method> <!-- SetUp -->
        <test-method status="PASS" signature="LDGTrailerWithPROQuickClose(java.lang.String, java.lang.String, java.lang.String, java.lang.String, java.lang.String, java.lang.String, java.lang.String, java.lang.String, java.lang.String, java.lang.String, java.util.Date)[pri:1, instance:LdgScreen.US1215QuickClose@4f1b95f]" name="LDGTrailerWithPROQuickClose" duration-ms="24794" started-at="2016-06-09T19:34:23Z" description="ldg trailer with pro quick close" data-provider="12.15" finished-at="2016-06-09T19:34:48Z">
          <params>
            <param index="0">
              <value>
                <![CDATA[187]]>
              </value>
            </param>
            <param index="1">
              <value>
                <![CDATA[RDWY]]>
              </value>
            </param>
            <param index="2">
              <value>
                <![CDATA[45490]]>
              </value>
            </param>
            <param index="3">
              <value>
                <![CDATA[122]]>
              </value>
            </param>
            <param index="4">
              <value>
                <![CDATA[7]]>
              </value>
            </param>
            <param index="5">
              <value>
                <![CDATA[4544]]>
              </value>
            </param>
            <param index="6">
              <value>
                <![CDATA[11]]>
              </value>
            </param>
            <param index="7">
              <value>
                <![CDATA[]]>
              </value>
            </param>
            <param index="8">
              <value>
                <![CDATA[]]>
              </value>
            </param>
            <param index="9">
              <value>
                <![CDATA[]]>
              </value>
            </param>
            <param index="10">
              <value>
                <![CDATA[2016-04-07 16:13:52.0]]>
              </value>
            </param>
          </params>
          <reporter-output>
          </reporter-output>
        </test-method> <!-- LDGTrailerWithPROQuickClose -->
        <test-method status="PASS" signature="NONLDGTrailerWithoutPROAddPRO(java.lang.String, java.lang.String, java.lang.String, java.lang.String, java.lang.String, java.lang.String, java.lang.String, java.lang.String, java.lang.String, java.lang.String, java.util.Date)[pri:2, instance:LdgScreen.US1215QuickClose@4f1b95f]" name="NONLDGTrailerWithoutPROAddPRO" duration-ms="20111" started-at="2016-06-09T19:35:07Z" description="non ldg without pro, add pro through quick close" data-provider="12.15" finished-at="2016-06-09T19:35:27Z">
          <params>
            <param index="0">
              <value>
                <![CDATA[462]]>
              </value>
            </param>
            <param index="1">
              <value>
                <![CDATA[RDWY]]>
              </value>
            </param>
            <param index="2">
              <value>
                <![CDATA[128126]]>
              </value>
            </param>
            <param index="3">
              <value>
                <![CDATA[462]]>
              </value>
            </param>
            <param index="4">
              <value>
                <![CDATA[]]>
              </value>
            </param>
            <param index="5">
              <value>
                <![CDATA[]]>
              </value>
            </param>
            <param index="6">
              <value>
                <![CDATA[]]>
              </value>
            </param>
            <param index="7">
              <value>
                <![CDATA[]]>
              </value>
            </param>
            <param index="8">
              <value>
                <![CDATA[]]>
              </value>
            </param>
            <param index="9">
              <value>
                <![CDATA[]]>
              </value>
            </param>
            <param index="10">
              <value>
                <![CDATA[2016-02-16 04:15:00.0]]>
              </value>
            </param>
          </params>
          <reporter-output>
          </reporter-output>
        </test-method> <!-- NONLDGTrailerWithoutPROAddPRO -->
        <test-method status="PASS" signature="Close()[pri:0, instance:LdgScreen.US1215QuickClose@4f1b95f]" name="Close" is-config="true" duration-ms="1072" started-at="2016-06-09T19:35:27Z" finished-at="2016-06-09T19:35:28Z">
          <reporter-output>
          </reporter-output>
        </test-method> <!-- Close -->
      </class> <!-- LdgScreen.US1215QuickClose -->
    </test> <!-- Default test -->
  </suite> <!-- Default suite -->
</testng-results>
