<?xml version="1.0" encoding="UTF-8"?>
<!-- Generated by org.testng.reporters.JUnitXMLReporter -->
<testsuite hostname="N700278" name="Learning TestNG" tests="26" failures="0" timestamp="23 Nov 2015 16:50:47 GMT" time="41.56" errors="0">
  <testcase name="VerifyRetiredTrailer" time="1.706" classname="SitTest.US200001AndUS200002ValidateTrailerAndUS200041ValidateTerminal"/>
  <testcase name="VerifyRetiredTrailer" time="1.463" classname="SitTest.US200001AndUS200002ValidateTrailerAndUS200041ValidateTerminal"/>
  <testcase name="VerifyRetiredTrailer" time="1.501" classname="SitTest.US200001AndUS200002ValidateTrailerAndUS200041ValidateTerminal"/>
  <testcase name="VerifyRetiredTrailer" time="1.527" classname="SitTest.US200001AndUS200002ValidateTrailerAndUS200041ValidateTerminal"/>
  <testcase name="VerifyRetiredTrailer" time="1.448" classname="SitTest.US200001AndUS200002ValidateTrailerAndUS200041ValidateTerminal"/>
  <testcase name="VerifyRetiredTrailer" time="1.51" classname="SitTest.US200001AndUS200002ValidateTrailerAndUS200041ValidateTerminal"/>
  <testcase name="VerifyRetiredTrailer" time="1.531" classname="SitTest.US200001AndUS200002ValidateTrailerAndUS200041ValidateTerminal"/>
  <testcase name="VerifyRetiredTrailer" time="1.481" classname="SitTest.US200001AndUS200002ValidateTrailerAndUS200041ValidateTerminal"/>
  <testcase name="VerifyRetiredTrailer" time="1.479" classname="SitTest.US200001AndUS200002ValidateTrailerAndUS200041ValidateTerminal"/>
  <testcase name="VerifyRetiredTrailer" time="1.536" classname="SitTest.US200001AndUS200002ValidateTrailerAndUS200041ValidateTerminal"/>
  <testcase name="VerifyRetiredTrailer" time="1.447" classname="SitTest.US200001AndUS200002ValidateTrailerAndUS200041ValidateTerminal"/>
  <testcase name="VerifyRetiredTrailer" time="1.456" classname="SitTest.US200001AndUS200002ValidateTrailerAndUS200041ValidateTerminal"/>
  <testcase name="VerifyRetiredTrailer" time="1.564" classname="SitTest.US200001AndUS200002ValidateTrailerAndUS200041ValidateTerminal"/>
  <testcase name="VerifyRetiredTrailer" time="1.49" classname="SitTest.US200001AndUS200002ValidateTrailerAndUS200041ValidateTerminal"/>
  <testcase name="VerifyRetiredTrailer" time="1.48" classname="SitTest.US200001AndUS200002ValidateTrailerAndUS200041ValidateTerminal"/>
  <testcase name="VerifyRetiredTrailer" time="1.521" classname="SitTest.US200001AndUS200002ValidateTrailerAndUS200041ValidateTerminal"/>
  <testcase name="VerifyRetiredTrailer" time="1.614" classname="SitTest.US200001AndUS200002ValidateTrailerAndUS200041ValidateTerminal"/>
  <testcase name="VerifyRetiredTrailer" time="1.444" classname="SitTest.US200001AndUS200002ValidateTrailerAndUS200041ValidateTerminal"/>
  <testcase name="VerifyRetiredTrailer" time="1.497" classname="SitTest.US200001AndUS200002ValidateTrailerAndUS200041ValidateTerminal"/>
  <testcase name="VerifyRetiredTrailer" time="1.653" classname="SitTest.US200001AndUS200002ValidateTrailerAndUS200041ValidateTerminal"/>
  <testcase name="VerifyNotExistTrailer" time="1.008" classname="SitTest.US200001AndUS200002ValidateTrailerAndUS200041ValidateTerminal"/>
  <testcase name="VerifyNotExistTrailer" time="0.97" classname="SitTest.US200001AndUS200002ValidateTrailerAndUS200041ValidateTerminal"/>
  <testcase name="VerifyNotExistTrailer" time="1.01" classname="SitTest.US200001AndUS200002ValidateTrailerAndUS200041ValidateTerminal"/>
  <testcase name="VerifyNotExistTrailer" time="1.085" classname="SitTest.US200001AndUS200002ValidateTrailerAndUS200041ValidateTerminal"/>
  <testcase name="VerifyNotExistTrailer" time="0.99" classname="SitTest.US200001AndUS200002ValidateTrailerAndUS200041ValidateTerminal"/>
  <testcase name="VerifyNotExistTrailer" time="0.957" classname="SitTest.US200001AndUS200002ValidateTrailerAndUS200041ValidateTerminal"/>
</testsuite> <!-- Learning TestNG -->
