<?xml version="1.0" encoding="UTF-8"?>
<!-- Generated by org.testng.reporters.JUnitXMLReporter -->
<testsuite hostname="N700278" name="test MTY" tests="3" failures="0" timestamp="24 Nov 2015 06:37:22 GMT" time="49.226" errors="0">
  <testcase name="VerifyInvalidStatusTransition" time="16.822" classname="SitTest.US200057EvaluateStatusTransitions"/>
  <testcase name="VerifyInvalidStatusLocation" time="18.524" classname="SitTest.US200058ValidateTrailerAtStatusingLocation"/>
  <testcase name="VerifyValidStatusLocation" time="5.294" classname="SitTest.US200058ValidateTrailerAtStatusingLocation"/>
</testsuite> <!-- test MTY -->
